0 info it worked if it ends with ok
1 verbose cli [ '/home/feryandi/.nvm/versions/node/v6.11.5/bin/node',
1 verbose cli   '/home/feryandi/.nvm/versions/node/v6.11.5/bin/npm',
1 verbose cli   'run',
1 verbose cli   'build' ]
2 info using npm@3.10.10
3 info using node@v6.11.5
4 verbose run-script [ 'prebuild', 'build', 'postbuild' ]
5 info lifecycle survey@1.0.0~prebuild: survey@1.0.0
6 silly lifecycle survey@1.0.0~prebuild: no script for prebuild, continuing
7 info lifecycle survey@1.0.0~build: survey@1.0.0
8 verbose lifecycle survey@1.0.0~build: unsafe-perm in lifecycle true
9 verbose lifecycle survey@1.0.0~build: PATH: /home/feryandi/.nvm/versions/node/v6.11.5/lib/node_modules/npm/bin/node-gyp-bin:/home/feryandi/Personal/Projects/SurveyPemilu/fe/node_modules/.bin:/usr/bin/go/bin:/home/feryandi/.nvm/versions/node/v6.11.5/bin:/usr/local/sbin:/usr/local/bin:/usr/sbin:/usr/bin:/sbin:/bin:/usr/games:/usr/local/games:/snap/bin:/home/feryandi/Android/Sdk/tools:/home/feryandi/Android/Sdk/tools/bin:/home/feryandi/Android/Sdk/platform-tools:/home/feryandi/.npm-global/bin
10 verbose lifecycle survey@1.0.0~build: CWD: /home/feryandi/Personal/Projects/SurveyPemilu/fe
11 silly lifecycle survey@1.0.0~build: Args: [ '-c', 'NODE_ENV=production next build src' ]
12 silly lifecycle survey@1.0.0~build: Returned: code: 1  signal: null
13 info lifecycle survey@1.0.0~build: Failed to exec build script
14 verbose stack Error: survey@1.0.0 build: `NODE_ENV=production next build src`
14 verbose stack Exit status 1
14 verbose stack     at EventEmitter.<anonymous> (/home/feryandi/.nvm/versions/node/v6.11.5/lib/node_modules/npm/lib/utils/lifecycle.js:255:16)
14 verbose stack     at emitTwo (events.js:106:13)
14 verbose stack     at EventEmitter.emit (events.js:191:7)
14 verbose stack     at ChildProcess.<anonymous> (/home/feryandi/.nvm/versions/node/v6.11.5/lib/node_modules/npm/lib/utils/spawn.js:40:14)
14 verbose stack     at emitTwo (events.js:106:13)
14 verbose stack     at ChildProcess.emit (events.js:191:7)
14 verbose stack     at maybeClose (internal/child_process.js:920:16)
14 verbose stack     at Process.ChildProcess._handle.onexit (internal/child_process.js:230:5)
15 verbose pkgid survey@1.0.0
16 verbose cwd /home/feryandi/Personal/Projects/SurveyPemilu/fe
17 error Linux 4.13.0-1010-oem
18 error argv "/home/feryandi/.nvm/versions/node/v6.11.5/bin/node" "/home/feryandi/.nvm/versions/node/v6.11.5/bin/npm" "run" "build"
19 error node v6.11.5
20 error npm  v3.10.10
21 error code ELIFECYCLE
22 error survey@1.0.0 build: `NODE_ENV=production next build src`
22 error Exit status 1
23 error Failed at the survey@1.0.0 build script 'NODE_ENV=production next build src'.
23 error Make sure you have the latest version of node.js and npm installed.
23 error If you do, this is most likely a problem with the survey package,
23 error not with npm itself.
23 error Tell the author that this fails on your system:
23 error     NODE_ENV=production next build src
23 error You can get information on how to open an issue for this project with:
23 error     npm bugs survey
23 error Or if that isn't available, you can get their info via:
23 error     npm owner ls survey
23 error There is likely additional logging output above.
24 verbose exit [ 1, true ]
